<?xml version="1.0" encoding="UTF-8"?>
<testsuite name="com.thoughtworks.radar.RadarTest" tests="1" skipped="0" failures="0" errors="0" timestamp="2018-05-31T15:10:57" hostname="iclaptop.local" time="0.006">
  <properties/>
  <testcase name="shouldAddBlips" classname="com.thoughtworks.radar.RadarTest" time="0.006"/>
  <system-out><![CDATA[]]></system-out>
  <system-err><![CDATA[]]></system-err>
</testsuite>
