<?xml version="1.0" encoding="UTF-8"?>
<testsuite name="com.thoughtworks.radar.ParserTest" tests="2" skipped="0" failures="0" errors="0" timestamp="2018-05-31T15:10:57" hostname="iclaptop.local" time="0.001">
  <properties/>
  <testcase name="shouldParseDate" classname="com.thoughtworks.radar.ParserTest" time="0.0"/>
  <testcase name="shouldParseBlips" classname="com.thoughtworks.radar.ParserTest" time="0.001"/>
  <system-out><![CDATA[]]></system-out>
  <system-err><![CDATA[]]></system-err>
</testsuite>
