<?xml version="1.0" encoding="UTF-8"?>
<testsuite name="com.thoughtworks.radar.RadarFactoryTest" tests="1" skipped="0" failures="0" errors="0" timestamp="2018-05-31T15:10:57" hostname="iclaptop.local" time="0.093">
  <properties/>
  <testcase name="shouldCreateFromFile" classname="com.thoughtworks.radar.RadarFactoryTest" time="0.093"/>
  <system-out><![CDATA[]]></system-out>
  <system-err><![CDATA[]]></system-err>
</testsuite>
