<?xml version="1.0" encoding="UTF-8"?>
<testsuite name="com.thoughtworks.radar.BlipTest" tests="1" skipped="0" failures="0" errors="0" timestamp="2018-05-31T15:10:57" hostname="iclaptop.local" time="0.0">
  <properties/>
  <testcase name="shouldCreateHistory" classname="com.thoughtworks.radar.BlipTest" time="0.0"/>
  <system-out><![CDATA[]]></system-out>
  <system-err><![CDATA[]]></system-err>
</testsuite>
